{"C:\\Users\\joshi\\OneDrive\\Documents\\code\\personal\\Adminis-construction\\src\\App.tsx": {"path":"C:\\Users\\joshi\\OneDrive\\Documents\\code\\personal\\Adminis-construction\\src\\App.tsx","statementMap":{"0":{"start":{"line":1,"column":0},"end":{"line":1,"column":63}},"1":{"start":{"line":2,"column":0},"end":{"line":2,"column":49}},"2":{"start":{"line":4,"column":0},"end":{"line":4,"column":69}},"3":{"start":{"line":5,"column":0},"end":{"line":5,"column":55}},"4":{"start":{"line":7,"column":0},"end":{"line":7,"column":36}},"5":{"start":{"line":8,"column":0},"end":{"line":8,"column":42}},"6":{"start":{"line":9,"column":0},"end":{"line":9,"column":38}},"7":{"start":{"line":10,"column":0},"end":{"line":10,"column":44}},"8":{"start":{"line":12,"column":0},"end":{"line":12,"column":27}},"9":{"start":{"line":15,"column":15},"end":{"line":15,"column":41}},"10":{"start":{"line":17,"column":2},"end":{"line":29,"column":null}},"11":{"start":{"line":32,"column":0},"end":{"line":32,"column":null}}},"fnMap":{"0":{"name":"App","decl":{"start":{"line":14,"column":9},"end":{"line":14,"column":12}},"loc":{"start":{"line":14,"column":12},"end":{"line":30,"column":1}}}},"branchMap":{},"s":{"0":0,"1":0,"2":0,"3":0,"4":0,"5":0,"6":0,"7":0,"8":0,"9":0,"10":0,"11":0},"f":{"0":0},"b":{}}
,"C:\\Users\\joshi\\OneDrive\\Documents\\code\\personal\\Adminis-construction\\src\\env.d.ts": {"path":"C:\\Users\\joshi\\OneDrive\\Documents\\code\\personal\\Adminis-construction\\src\\env.d.ts","statementMap":{},"fnMap":{},"branchMap":{},"s":{},"f":{},"b":{}}
,"C:\\Users\\joshi\\OneDrive\\Documents\\code\\personal\\Adminis-construction\\src\\theme.ts": {"path":"C:\\Users\\joshi\\OneDrive\\Documents\\code\\personal\\Adminis-construction\\src\\theme.ts","statementMap":{"0":{"start":{"line":25,"column":38},"end":{"line":27,"column":null}},"1":{"start":{"line":29,"column":24},"end":{"line":35,"column":null}},"2":{"start":{"line":37,"column":33},"end":{"line":44,"column":null}},"3":{"start":{"line":46,"column":32},"end":{"line":53,"column":null}},"4":{"start":{"line":55,"column":22},"end":{"line":58,"column":null}},"5":{"start":{"line":60,"column":0},"end":{"line":60,"column":null}}},"fnMap":{},"branchMap":{},"s":{"0":0,"1":0,"2":0,"3":0,"4":0,"5":0},"f":{},"b":{}}
,"C:\\Users\\joshi\\OneDrive\\Documents\\code\\personal\\Adminis-construction\\src\\assets\\icons\\MoonIcon.tsx": {"path":"C:\\Users\\joshi\\OneDrive\\Documents\\code\\personal\\Adminis-construction\\src\\assets\\icons\\MoonIcon.tsx","statementMap":{"0":{"start":{"line":5,"column":0},"end":{"line":5,"column":29}},"1":{"start":{"line":11,"column":37},"end":{"line":26,"column":1}},"2":{"start":{"line":12,"column":2},"end":{"line":25,"column":null}},"3":{"start":{"line":28,"column":0},"end":{"line":28,"column":null}}},"fnMap":{"0":{"name":"(anonymous_1)","decl":{"start":{"line":11,"column":37},"end":{"line":11,"column":38}},"loc":{"start":{"line":11,"column":50},"end":{"line":26,"column":1}}}},"branchMap":{},"s":{"0":0,"1":0,"2":0,"3":0},"f":{"0":0},"b":{}}
,"C:\\Users\\joshi\\OneDrive\\Documents\\code\\personal\\Adminis-construction\\src\\assets\\icons\\SunIcon.tsx": {"path":"C:\\Users\\joshi\\OneDrive\\Documents\\code\\personal\\Adminis-construction\\src\\assets\\icons\\SunIcon.tsx","statementMap":{"0":{"start":{"line":5,"column":0},"end":{"line":5,"column":29}},"1":{"start":{"line":11,"column":35},"end":{"line":26,"column":1}},"2":{"start":{"line":12,"column":2},"end":{"line":25,"column":null}},"3":{"start":{"line":28,"column":0},"end":{"line":28,"column":null}}},"fnMap":{"0":{"name":"(anonymous_1)","decl":{"start":{"line":11,"column":35},"end":{"line":11,"column":36}},"loc":{"start":{"line":11,"column":48},"end":{"line":26,"column":1}}}},"branchMap":{},"s":{"0":0,"1":0,"2":0,"3":0},"f":{"0":0},"b":{}}
,"C:\\Users\\joshi\\OneDrive\\Documents\\code\\personal\\Adminis-construction\\src\\features\\About\\index.tsx": {"path":"C:\\Users\\joshi\\OneDrive\\Documents\\code\\personal\\Adminis-construction\\src\\features\\About\\index.tsx","statementMap":{"0":{"start":{"line":1,"column":0},"end":{"line":1,"column":27}},"1":{"start":{"line":3,"column":0},"end":{"line":3,"column":null}}},"fnMap":{},"branchMap":{},"s":{"0":0,"1":0},"f":{},"b":{}}
,"C:\\Users\\joshi\\OneDrive\\Documents\\code\\personal\\Adminis-construction\\src\\features\\About\\lib.ts": {"path":"C:\\Users\\joshi\\OneDrive\\Documents\\code\\personal\\Adminis-construction\\src\\features\\About\\lib.ts","statementMap":{"0":{"start":{"line":1,"column":0},"end":{"line":1,"column":57}},"1":{"start":{"line":4,"column":13},"end":{"line":24,"column":null}},"2":{"start":{"line":26,"column":13},"end":{"line":34,"column":null}}},"fnMap":{},"branchMap":{},"s":{"0":0,"1":0,"2":0},"f":{},"b":{}}
,"C:\\Users\\joshi\\OneDrive\\Documents\\code\\personal\\Adminis-construction\\src\\features\\About\\loadable.ts": {"path":"C:\\Users\\joshi\\OneDrive\\Documents\\code\\personal\\Adminis-construction\\src\\features\\About\\loadable.ts","statementMap":{"0":{"start":{"line":5,"column":0},"end":{"line":5,"column":48}},"1":{"start":{"line":7,"column":0},"end":{"line":9,"column":null}},"2":{"start":{"line":7,"column":29},"end":{"line":7,"column":47}}},"fnMap":{"0":{"name":"(anonymous_7)","decl":{"start":{"line":7,"column":24},"end":{"line":7,"column":27}},"loc":{"start":{"line":7,"column":29},"end":{"line":7,"column":47}}},"1":{"name":"(anonymous_8)","decl":{"start":{"line":7,"column":29},"end":{"line":7,"column":37}},"loc":{"start":{"line":7,"column":29},"end":{"line":7,"column":47}}}},"branchMap":{},"s":{"0":0,"1":0,"2":0},"f":{"0":0,"1":0},"b":{}}
,"C:\\Users\\joshi\\OneDrive\\Documents\\code\\personal\\Adminis-construction\\src\\features\\About\\styledComponents.tsx": {"path":"C:\\Users\\joshi\\OneDrive\\Documents\\code\\personal\\Adminis-construction\\src\\features\\About\\styledComponents.tsx","statementMap":{"0":{"start":{"line":1,"column":0},"end":{"line":1,"column":38}},"1":{"start":{"line":3,"column":13},"end":{"line":22,"column":null}},"2":{"start":{"line":11,"column":37},"end":{"line":11,"column":50}},"3":{"start":{"line":13,"column":49},"end":{"line":13,"column":71}},"4":{"start":{"line":24,"column":13},"end":{"line":28,"column":null}},"5":{"start":{"line":25,"column":26},"end":{"line":25,"column":39}},"6":{"start":{"line":30,"column":13},"end":{"line":32,"column":null}},"7":{"start":{"line":34,"column":13},"end":{"line":37,"column":null}},"8":{"start":{"line":35,"column":26},"end":{"line":35,"column":39}},"9":{"start":{"line":39,"column":13},"end":{"line":43,"column":null}},"10":{"start":{"line":40,"column":26},"end":{"line":40,"column":41}},"11":{"start":{"line":45,"column":13},"end":{"line":64,"column":null}},"12":{"start":{"line":49,"column":50},"end":{"line":49,"column":63}},"13":{"start":{"line":59,"column":26},"end":{"line":59,"column":39}}},"fnMap":{"0":{"name":"(anonymous_1)","decl":{"start":{"line":11,"column":22},"end":{"line":11,"column":23}},"loc":{"start":{"line":11,"column":37},"end":{"line":11,"column":50}}},"1":{"name":"(anonymous_2)","decl":{"start":{"line":13,"column":34},"end":{"line":13,"column":35}},"loc":{"start":{"line":13,"column":49},"end":{"line":13,"column":71}}},"2":{"name":"(anonymous_3)","decl":{"start":{"line":25,"column":11},"end":{"line":25,"column":12}},"loc":{"start":{"line":25,"column":26},"end":{"line":25,"column":39}}},"3":{"name":"(anonymous_4)","decl":{"start":{"line":35,"column":11},"end":{"line":35,"column":12}},"loc":{"start":{"line":35,"column":26},"end":{"line":35,"column":39}}},"4":{"name":"(anonymous_5)","decl":{"start":{"line":40,"column":11},"end":{"line":40,"column":12}},"loc":{"start":{"line":40,"column":26},"end":{"line":40,"column":41}}},"5":{"name":"(anonymous_6)","decl":{"start":{"line":49,"column":35},"end":{"line":49,"column":36}},"loc":{"start":{"line":49,"column":50},"end":{"line":49,"column":63}}},"6":{"name":"(anonymous_7)","decl":{"start":{"line":59,"column":11},"end":{"line":59,"column":12}},"loc":{"start":{"line":59,"column":26},"end":{"line":59,"column":39}}}},"branchMap":{},"s":{"0":0,"1":0,"2":0,"3":0,"4":0,"5":0,"6":0,"7":0,"8":0,"9":0,"10":0,"11":0,"12":0,"13":0},"f":{"0":0,"1":0,"2":0,"3":0,"4":0,"5":0,"6":0},"b":{}}
,"C:\\Users\\joshi\\OneDrive\\Documents\\code\\personal\\Adminis-construction\\src\\features\\Changelog\\Changelog.tsx": {"path":"C:\\Users\\joshi\\OneDrive\\Documents\\code\\personal\\Adminis-construction\\src\\features\\Changelog\\Changelog.tsx","statementMap":{"0":{"start":{"line":3,"column":0},"end":{"line":3,"column":57}},"1":{"start":{"line":5,"column":0},"end":{"line":5,"column":64}},"2":{"start":{"line":7,"column":0},"end":{"line":7,"column":55}},"3":{"start":{"line":8,"column":0},"end":{"line":8,"column":73}},"4":{"start":{"line":11,"column":0},"end":{"line":11,"column":44}},"5":{"start":{"line":13,"column":0},"end":{"line":13,"column":null}},"6":{"start":{"line":20,"column":22},"end":{"line":43,"column":1}},"7":{"start":{"line":21,"column":17},"end":{"line":21,"column":47}},"8":{"start":{"line":22,"column":19},"end":{"line":22,"column":52}},"9":{"start":{"line":23,"column":15},"end":{"line":23,"column":48}},"10":{"start":{"line":25,"column":29},"end":{"line":25,"column":59}},"11":{"start":{"line":27,"column":2},"end":{"line":42,"column":null}},"12":{"start":{"line":37,"column":8},"end":{"line":39,"column":10}},"13":{"start":{"line":38,"column":10},"end":{"line":38,"column":45}},"14":{"start":{"line":45,"column":0},"end":{"line":45,"column":null}}},"fnMap":{"0":{"name":"(anonymous_1)","decl":{"start":{"line":20,"column":22},"end":{"line":20,"column":25}},"loc":{"start":{"line":20,"column":27},"end":{"line":43,"column":1}}},"1":{"name":"(anonymous_2)","decl":{"start":{"line":36,"column":16},"end":{"line":36,"column":17}},"loc":{"start":{"line":37,"column":8},"end":{"line":39,"column":10}}},"2":{"name":"(anonymous_3)","decl":{"start":{"line":37,"column":26},"end":{"line":37,"column":27}},"loc":{"start":{"line":38,"column":10},"end":{"line":38,"column":45}}}},"branchMap":{},"s":{"0":0,"1":0,"2":0,"3":0,"4":0,"5":0,"6":0,"7":0,"8":0,"9":0,"10":0,"11":0,"12":0,"13":0,"14":0},"f":{"0":0,"1":0,"2":0},"b":{}}
,"C:\\Users\\joshi\\OneDrive\\Documents\\code\\personal\\Adminis-construction\\src\\features\\Changelog\\index.tsx": {"path":"C:\\Users\\joshi\\OneDrive\\Documents\\code\\personal\\Adminis-construction\\src\\features\\Changelog\\index.tsx","statementMap":{"0":{"start":{"line":1,"column":0},"end":{"line":1,"column":31}},"1":{"start":{"line":3,"column":0},"end":{"line":3,"column":null}}},"fnMap":{},"branchMap":{},"s":{"0":0,"1":0},"f":{},"b":{}}
,"C:\\Users\\joshi\\OneDrive\\Documents\\code\\personal\\Adminis-construction\\src\\features\\Changelog\\lib.ts": {"path":"C:\\Users\\joshi\\OneDrive\\Documents\\code\\personal\\Adminis-construction\\src\\features\\Changelog\\lib.ts","statementMap":{"0":{"start":{"line":7,"column":13},"end":{"line":13,"column":null}},"1":{"start":{"line":15,"column":13},"end":{"line":16,"column":null}}},"fnMap":{},"branchMap":{},"s":{"0":0,"1":0},"f":{},"b":{}}
,"C:\\Users\\joshi\\OneDrive\\Documents\\code\\personal\\Adminis-construction\\src\\features\\Changelog\\loadable.ts": {"path":"C:\\Users\\joshi\\OneDrive\\Documents\\code\\personal\\Adminis-construction\\src\\features\\Changelog\\loadable.ts","statementMap":{"0":{"start":{"line":5,"column":0},"end":{"line":5,"column":48}},"1":{"start":{"line":7,"column":0},"end":{"line":9,"column":null}},"2":{"start":{"line":7,"column":29},"end":{"line":7,"column":51}}},"fnMap":{"0":{"name":"(anonymous_7)","decl":{"start":{"line":7,"column":24},"end":{"line":7,"column":27}},"loc":{"start":{"line":7,"column":29},"end":{"line":7,"column":51}}},"1":{"name":"(anonymous_8)","decl":{"start":{"line":7,"column":29},"end":{"line":7,"column":37}},"loc":{"start":{"line":7,"column":29},"end":{"line":7,"column":51}}}},"branchMap":{},"s":{"0":0,"1":0,"2":0},"f":{"0":0,"1":0},"b":{}}
,"C:\\Users\\joshi\\OneDrive\\Documents\\code\\personal\\Adminis-construction\\src\\features\\Changelog\\styledComponents.tsx": {"path":"C:\\Users\\joshi\\OneDrive\\Documents\\code\\personal\\Adminis-construction\\src\\features\\Changelog\\styledComponents.tsx","statementMap":{"0":{"start":{"line":1,"column":0},"end":{"line":1,"column":38}},"1":{"start":{"line":3,"column":13},"end":{"line":22,"column":null}},"2":{"start":{"line":12,"column":37},"end":{"line":12,"column":50}},"3":{"start":{"line":14,"column":49},"end":{"line":14,"column":71}},"4":{"start":{"line":24,"column":13},"end":{"line":28,"column":null}},"5":{"start":{"line":25,"column":26},"end":{"line":25,"column":39}},"6":{"start":{"line":30,"column":13},"end":{"line":35,"column":null}},"7":{"start":{"line":31,"column":26},"end":{"line":31,"column":41}},"8":{"start":{"line":37,"column":13},"end":{"line":39,"column":null}},"9":{"start":{"line":41,"column":13},"end":{"line":44,"column":null}},"10":{"start":{"line":42,"column":26},"end":{"line":42,"column":41}},"11":{"start":{"line":46,"column":13},"end":{"line":65,"column":null}},"12":{"start":{"line":50,"column":50},"end":{"line":50,"column":63}},"13":{"start":{"line":60,"column":26},"end":{"line":60,"column":39}}},"fnMap":{"0":{"name":"(anonymous_1)","decl":{"start":{"line":12,"column":22},"end":{"line":12,"column":23}},"loc":{"start":{"line":12,"column":37},"end":{"line":12,"column":50}}},"1":{"name":"(anonymous_2)","decl":{"start":{"line":14,"column":34},"end":{"line":14,"column":35}},"loc":{"start":{"line":14,"column":49},"end":{"line":14,"column":71}}},"2":{"name":"(anonymous_3)","decl":{"start":{"line":25,"column":11},"end":{"line":25,"column":12}},"loc":{"start":{"line":25,"column":26},"end":{"line":25,"column":39}}},"3":{"name":"(anonymous_4)","decl":{"start":{"line":31,"column":11},"end":{"line":31,"column":12}},"loc":{"start":{"line":31,"column":26},"end":{"line":31,"column":41}}},"4":{"name":"(anonymous_5)","decl":{"start":{"line":42,"column":11},"end":{"line":42,"column":12}},"loc":{"start":{"line":42,"column":26},"end":{"line":42,"column":41}}},"5":{"name":"(anonymous_6)","decl":{"start":{"line":50,"column":35},"end":{"line":50,"column":36}},"loc":{"start":{"line":50,"column":50},"end":{"line":50,"column":63}}},"6":{"name":"(anonymous_7)","decl":{"start":{"line":60,"column":11},"end":{"line":60,"column":12}},"loc":{"start":{"line":60,"column":26},"end":{"line":60,"column":39}}}},"branchMap":{},"s":{"0":0,"1":0,"2":0,"3":0,"4":0,"5":0,"6":0,"7":0,"8":0,"9":0,"10":0,"11":0,"12":0,"13":0},"f":{"0":0,"1":0,"2":0,"3":0,"4":0,"5":0,"6":0},"b":{}}
,"C:\\Users\\joshi\\OneDrive\\Documents\\code\\personal\\Adminis-construction\\src\\features\\Landing\\Landing.tsx": {"path":"C:\\Users\\joshi\\OneDrive\\Documents\\code\\personal\\Adminis-construction\\src\\features\\Landing\\Landing.tsx","statementMap":{"0":{"start":{"line":1,"column":0},"end":{"line":1,"column":37}},"1":{"start":{"line":3,"column":0},"end":{"line":3,"column":64}},"2":{"start":{"line":5,"column":0},"end":{"line":5,"column":45}},"3":{"start":{"line":6,"column":0},"end":{"line":6,"column":55}},"4":{"start":{"line":7,"column":0},"end":{"line":7,"column":51}},"5":{"start":{"line":8,"column":0},"end":{"line":8,"column":69}},"6":{"start":{"line":9,"column":0},"end":{"line":9,"column":71}},"7":{"start":{"line":11,"column":0},"end":{"line":11,"column":62}},"8":{"start":{"line":12,"column":0},"end":{"line":12,"column":60}},"9":{"start":{"line":14,"column":0},"end":{"line":14,"column":null}},"10":{"start":{"line":22,"column":0},"end":{"line":22,"column":57}},"11":{"start":{"line":24,"column":20},"end":{"line":60,"column":1}},"12":{"start":{"line":25,"column":19},"end":{"line":25,"column":35}},"13":{"start":{"line":27,"column":29},"end":{"line":27,"column":62}},"14":{"start":{"line":29,"column":19},"end":{"line":29,"column":57}},"15":{"start":{"line":30,"column":28},"end":{"line":30,"column":74}},"16":{"start":{"line":32,"column":2},"end":{"line":34,"column":null}},"17":{"start":{"line":33,"column":4},"end":{"line":33,"column":null}},"18":{"start":{"line":36,"column":2},"end":{"line":59,"column":null}},"19":{"start":{"line":50,"column":12},"end":{"line":50,"column":null}},"20":{"start":{"line":62,"column":0},"end":{"line":62,"column":null}}},"fnMap":{"0":{"name":"(anonymous_1)","decl":{"start":{"line":24,"column":20},"end":{"line":24,"column":23}},"loc":{"start":{"line":24,"column":25},"end":{"line":60,"column":1}}},"1":{"name":"(anonymous_2)","decl":{"start":{"line":32,"column":12},"end":{"line":32,"column":15}},"loc":{"start":{"line":32,"column":17},"end":{"line":34,"column":3}}},"2":{"name":"(anonymous_3)","decl":{"start":{"line":49,"column":26},"end":{"line":49,"column":27}},"loc":{"start":{"line":50,"column":12},"end":{"line":50,"column":null}}}},"branchMap":{"0":{"loc":{"start":{"line":48,"column":9},"end":{"line":56,"column":12}},"type":"binary-expr","locations":[{"start":{"line":48,"column":9},"end":{"line":48,"column":33}},{"start":{"line":49,"column":10},"end":{"line":56,"column":12}}]}},"s":{"0":0,"1":0,"2":0,"3":0,"4":0,"5":0,"6":0,"7":0,"8":0,"9":0,"10":0,"11":0,"12":0,"13":0,"14":0,"15":0,"16":0,"17":0,"18":0,"19":0,"20":0},"f":{"0":0,"1":0,"2":0},"b":{"0":[0,0]}}
,"C:\\Users\\joshi\\OneDrive\\Documents\\code\\personal\\Adminis-construction\\src\\features\\Landing\\index.tsx": {"path":"C:\\Users\\joshi\\OneDrive\\Documents\\code\\personal\\Adminis-construction\\src\\features\\Landing\\index.tsx","statementMap":{"0":{"start":{"line":1,"column":0},"end":{"line":1,"column":32}},"1":{"start":{"line":3,"column":0},"end":{"line":3,"column":null}}},"fnMap":{},"branchMap":{},"s":{"0":0,"1":0},"f":{},"b":{}}
,"C:\\Users\\joshi\\OneDrive\\Documents\\code\\personal\\Adminis-construction\\src\\features\\Landing\\loadable.ts": {"path":"C:\\Users\\joshi\\OneDrive\\Documents\\code\\personal\\Adminis-construction\\src\\features\\Landing\\loadable.ts","statementMap":{"0":{"start":{"line":5,"column":0},"end":{"line":5,"column":48}},"1":{"start":{"line":7,"column":0},"end":{"line":9,"column":null}},"2":{"start":{"line":7,"column":29},"end":{"line":7,"column":49}}},"fnMap":{"0":{"name":"(anonymous_7)","decl":{"start":{"line":7,"column":24},"end":{"line":7,"column":27}},"loc":{"start":{"line":7,"column":29},"end":{"line":7,"column":49}}},"1":{"name":"(anonymous_8)","decl":{"start":{"line":7,"column":29},"end":{"line":7,"column":37}},"loc":{"start":{"line":7,"column":29},"end":{"line":7,"column":49}}}},"branchMap":{},"s":{"0":0,"1":0,"2":0},"f":{"0":0,"1":0},"b":{}}
,"C:\\Users\\joshi\\OneDrive\\Documents\\code\\personal\\Adminis-construction\\src\\features\\Landing\\styledComponents.tsx": {"path":"C:\\Users\\joshi\\OneDrive\\Documents\\code\\personal\\Adminis-construction\\src\\features\\Landing\\styledComponents.tsx","statementMap":{"0":{"start":{"line":1,"column":0},"end":{"line":1,"column":38}},"1":{"start":{"line":3,"column":13},"end":{"line":18,"column":null}},"2":{"start":{"line":12,"column":49},"end":{"line":12,"column":71}},"3":{"start":{"line":20,"column":13},"end":{"line":34,"column":null}},"4":{"start":{"line":28,"column":49},"end":{"line":28,"column":71}},"5":{"start":{"line":36,"column":13},"end":{"line":45,"column":null}},"6":{"start":{"line":38,"column":26},"end":{"line":38,"column":39}},"7":{"start":{"line":41,"column":49},"end":{"line":41,"column":71}},"8":{"start":{"line":47,"column":13},"end":{"line":53,"column":null}},"9":{"start":{"line":55,"column":13},"end":{"line":63,"column":null}},"10":{"start":{"line":57,"column":26},"end":{"line":57,"column":41}},"11":{"start":{"line":59,"column":49},"end":{"line":59,"column":71}},"12":{"start":{"line":65,"column":13},"end":{"line":73,"column":null}},"13":{"start":{"line":67,"column":26},"end":{"line":67,"column":41}},"14":{"start":{"line":69,"column":49},"end":{"line":69,"column":71}}},"fnMap":{"0":{"name":"(anonymous_1)","decl":{"start":{"line":12,"column":34},"end":{"line":12,"column":35}},"loc":{"start":{"line":12,"column":49},"end":{"line":12,"column":71}}},"1":{"name":"(anonymous_2)","decl":{"start":{"line":28,"column":34},"end":{"line":28,"column":35}},"loc":{"start":{"line":28,"column":49},"end":{"line":28,"column":71}}},"2":{"name":"(anonymous_3)","decl":{"start":{"line":38,"column":11},"end":{"line":38,"column":12}},"loc":{"start":{"line":38,"column":26},"end":{"line":38,"column":39}}},"3":{"name":"(anonymous_4)","decl":{"start":{"line":41,"column":34},"end":{"line":41,"column":35}},"loc":{"start":{"line":41,"column":49},"end":{"line":41,"column":71}}},"4":{"name":"(anonymous_5)","decl":{"start":{"line":57,"column":11},"end":{"line":57,"column":12}},"loc":{"start":{"line":57,"column":26},"end":{"line":57,"column":41}}},"5":{"name":"(anonymous_6)","decl":{"start":{"line":59,"column":34},"end":{"line":59,"column":35}},"loc":{"start":{"line":59,"column":49},"end":{"line":59,"column":71}}},"6":{"name":"(anonymous_7)","decl":{"start":{"line":67,"column":11},"end":{"line":67,"column":12}},"loc":{"start":{"line":67,"column":26},"end":{"line":67,"column":41}}},"7":{"name":"(anonymous_8)","decl":{"start":{"line":69,"column":34},"end":{"line":69,"column":35}},"loc":{"start":{"line":69,"column":49},"end":{"line":69,"column":71}}}},"branchMap":{},"s":{"0":0,"1":0,"2":0,"3":0,"4":0,"5":0,"6":0,"7":0,"8":0,"9":0,"10":0,"11":0,"12":0,"13":0,"14":0},"f":{"0":0,"1":0,"2":0,"3":0,"4":0,"5":0,"6":0,"7":0},"b":{}}
,"C:\\Users\\joshi\\OneDrive\\Documents\\code\\personal\\Adminis-construction\\src\\features\\Landing\\redux\\initialState.ts": {"path":"C:\\Users\\joshi\\OneDrive\\Documents\\code\\personal\\Adminis-construction\\src\\features\\Landing\\redux\\initialState.ts","statementMap":{"0":{"start":{"line":5,"column":43},"end":{"line":7,"column":null}},"1":{"start":{"line":9,"column":0},"end":{"line":9,"column":null}}},"fnMap":{},"branchMap":{},"s":{"0":0,"1":0},"f":{},"b":{}}
,"C:\\Users\\joshi\\OneDrive\\Documents\\code\\personal\\Adminis-construction\\src\\features\\Landing\\redux\\landingActions.ts": {"path":"C:\\Users\\joshi\\OneDrive\\Documents\\code\\personal\\Adminis-construction\\src\\features\\Landing\\redux\\landingActions.ts","statementMap":{"0":{"start":{"line":1,"column":0},"end":{"line":1,"column":47}},"1":{"start":{"line":3,"column":33},"end":{"line":3,"column":59}},"2":{"start":{"line":4,"column":13},"end":{"line":6,"column":null}}},"fnMap":{},"branchMap":{},"s":{"0":0,"1":0,"2":0},"f":{},"b":{}}
,"C:\\Users\\joshi\\OneDrive\\Documents\\code\\personal\\Adminis-construction\\src\\features\\Landing\\redux\\landingApi.ts": {"path":"C:\\Users\\joshi\\OneDrive\\Documents\\code\\personal\\Adminis-construction\\src\\features\\Landing\\redux\\landingApi.ts","statementMap":{"0":{"start":{"line":1,"column":0},"end":{"line":1,"column":36}},"1":{"start":{"line":2,"column":0},"end":{"line":2,"column":33}},"2":{"start":{"line":4,"column":36},"end":{"line":24,"column":1}},"3":{"start":{"line":5,"column":19},"end":{"line":21,"column":4}},"4":{"start":{"line":23,"column":2},"end":{"line":23,"column":null}},"5":{"start":{"line":4,"column":13},"end":{"line":4,"column":36}}},"fnMap":{"0":{"name":"(anonymous_0)","decl":{"start":{"line":4,"column":36},"end":{"line":4,"column":41}},"loc":{"start":{"line":4,"column":47},"end":{"line":24,"column":1}}}},"branchMap":{},"s":{"0":0,"1":0,"2":0,"3":0,"4":0,"5":0},"f":{"0":0},"b":{}}
,"C:\\Users\\joshi\\OneDrive\\Documents\\code\\personal\\Adminis-construction\\src\\features\\Landing\\redux\\landingSagas.ts": {"path":"C:\\Users\\joshi\\OneDrive\\Documents\\code\\personal\\Adminis-construction\\src\\features\\Landing\\redux\\landingSagas.ts","statementMap":{"0":{"start":{"line":1,"column":0},"end":{"line":1,"column":null}},"1":{"start":{"line":11,"column":0},"end":{"line":11,"column":56}},"2":{"start":{"line":12,"column":0},"end":{"line":12,"column":47}},"3":{"start":{"line":13,"column":0},"end":{"line":13,"column":51}},"4":{"start":{"line":19,"column":27},"end":{"line":19,"column":59}},"5":{"start":{"line":20,"column":2},"end":{"line":20,"column":null}},"6":{"start":{"line":25,"column":2},"end":{"line":25,"column":null}},"7":{"start":{"line":28,"column":21},"end":{"line":28,"column":51}},"8":{"start":{"line":30,"column":0},"end":{"line":30,"column":null}}},"fnMap":{"0":{"name":"fetchGithubRepos","decl":{"start":{"line":16,"column":10},"end":{"line":16,"column":26}},"loc":{"start":{"line":16,"column":26},"end":{"line":21,"column":1}}},"1":{"name":"watchUpdateGithubRepos","decl":{"start":{"line":24,"column":10},"end":{"line":24,"column":32}},"loc":{"start":{"line":24,"column":32},"end":{"line":26,"column":1}}}},"branchMap":{},"s":{"0":0,"1":0,"2":0,"3":0,"4":0,"5":0,"6":0,"7":0,"8":0},"f":{"0":0,"1":0},"b":{}}
,"C:\\Users\\joshi\\OneDrive\\Documents\\code\\personal\\Adminis-construction\\src\\features\\Landing\\redux\\landingSelectors.ts": {"path":"C:\\Users\\joshi\\OneDrive\\Documents\\code\\personal\\Adminis-construction\\src\\features\\Landing\\redux\\landingSelectors.ts","statementMap":{"0":{"start":{"line":1,"column":0},"end":{"line":1,"column":49}},"1":{"start":{"line":3,"column":34},"end":{"line":3,"column":63}},"2":{"start":{"line":3,"column":50},"end":{"line":3,"column":63}},"3":{"start":{"line":5,"column":13},"end":{"line":8,"column":null}},"4":{"start":{"line":7,"column":13},"end":{"line":7,"column":30}}},"fnMap":{"0":{"name":"(anonymous_0)","decl":{"start":{"line":3,"column":34},"end":{"line":3,"column":35}},"loc":{"start":{"line":3,"column":50},"end":{"line":3,"column":63}}},"1":{"name":"(anonymous_1)","decl":{"start":{"line":7,"column":2},"end":{"line":7,"column":3}},"loc":{"start":{"line":7,"column":13},"end":{"line":7,"column":30}}}},"branchMap":{},"s":{"0":0,"1":0,"2":0,"3":0,"4":0},"f":{"0":0,"1":0},"b":{}}
,"C:\\Users\\joshi\\OneDrive\\Documents\\code\\personal\\Adminis-construction\\src\\features\\Landing\\redux\\landingSlice.ts": {"path":"C:\\Users\\joshi\\OneDrive\\Documents\\code\\personal\\Adminis-construction\\src\\features\\Landing\\redux\\landingSlice.ts","statementMap":{"0":{"start":{"line":1,"column":0},"end":{"line":1,"column":61}},"1":{"start":{"line":3,"column":0},"end":{"line":3,"column":41}},"2":{"start":{"line":6,"column":21},"end":{"line":14,"column":2}},"3":{"start":{"line":11,"column":6},"end":{"line":11,"column":null}},"4":{"start":{"line":16,"column":15},"end":{"line":16,"column":null}},"5":{"start":{"line":18,"column":0},"end":{"line":18,"column":null}}},"fnMap":{"0":{"name":"(anonymous_1)","decl":{"start":{"line":10,"column":20},"end":{"line":10,"column":21}},"loc":{"start":{"line":10,"column":65},"end":{"line":12,"column":5}}}},"branchMap":{},"s":{"0":0,"1":0,"2":0,"3":0,"4":0,"5":0},"f":{"0":0},"b":{}}
,"C:\\Users\\joshi\\OneDrive\\Documents\\code\\personal\\Adminis-construction\\src\\features\\Main\\Main.tsx": {"path":"C:\\Users\\joshi\\OneDrive\\Documents\\code\\personal\\Adminis-construction\\src\\features\\Main\\Main.tsx","statementMap":{"0":{"start":{"line":2,"column":0},"end":{"line":2,"column":41}},"1":{"start":{"line":4,"column":0},"end":{"line":4,"column":49}},"2":{"start":{"line":6,"column":0},"end":{"line":6,"column":50}},"3":{"start":{"line":8,"column":17},"end":{"line":15,"column":1}},"4":{"start":{"line":9,"column":2},"end":{"line":14,"column":null}},"5":{"start":{"line":17,"column":0},"end":{"line":17,"column":null}}},"fnMap":{"0":{"name":"(anonymous_1)","decl":{"start":{"line":8,"column":17},"end":{"line":8,"column":20}},"loc":{"start":{"line":8,"column":22},"end":{"line":15,"column":1}}}},"branchMap":{},"s":{"0":0,"1":0,"2":0,"3":0,"4":0,"5":0},"f":{"0":0},"b":{}}
,"C:\\Users\\joshi\\OneDrive\\Documents\\code\\personal\\Adminis-construction\\src\\features\\Main\\index.tsx": {"path":"C:\\Users\\joshi\\OneDrive\\Documents\\code\\personal\\Adminis-construction\\src\\features\\Main\\index.tsx","statementMap":{"0":{"start":{"line":1,"column":0},"end":{"line":1,"column":25}},"1":{"start":{"line":3,"column":0},"end":{"line":3,"column":null}}},"fnMap":{},"branchMap":{},"s":{"0":0,"1":0},"f":{},"b":{}}
,"C:\\Users\\joshi\\OneDrive\\Documents\\code\\personal\\Adminis-construction\\src\\features\\Main\\loadable.ts": {"path":"C:\\Users\\joshi\\OneDrive\\Documents\\code\\personal\\Adminis-construction\\src\\features\\Main\\loadable.ts","statementMap":{"0":{"start":{"line":5,"column":0},"end":{"line":5,"column":48}},"1":{"start":{"line":7,"column":0},"end":{"line":9,"column":null}},"2":{"start":{"line":7,"column":29},"end":{"line":7,"column":46}}},"fnMap":{"0":{"name":"(anonymous_7)","decl":{"start":{"line":7,"column":24},"end":{"line":7,"column":27}},"loc":{"start":{"line":7,"column":29},"end":{"line":7,"column":46}}},"1":{"name":"(anonymous_8)","decl":{"start":{"line":7,"column":29},"end":{"line":7,"column":37}},"loc":{"start":{"line":7,"column":29},"end":{"line":7,"column":46}}}},"branchMap":{},"s":{"0":0,"1":0,"2":0},"f":{"0":0,"1":0},"b":{}}
,"C:\\Users\\joshi\\OneDrive\\Documents\\code\\personal\\Adminis-construction\\src\\features\\Main\\styledComponents.tsx": {"path":"C:\\Users\\joshi\\OneDrive\\Documents\\code\\personal\\Adminis-construction\\src\\features\\Main\\styledComponents.tsx","statementMap":{"0":{"start":{"line":1,"column":0},"end":{"line":1,"column":38}},"1":{"start":{"line":3,"column":13},"end":{"line":17,"column":null}},"2":{"start":{"line":10,"column":37},"end":{"line":10,"column":50}},"3":{"start":{"line":13,"column":49},"end":{"line":13,"column":71}}},"fnMap":{"0":{"name":"(anonymous_1)","decl":{"start":{"line":10,"column":22},"end":{"line":10,"column":23}},"loc":{"start":{"line":10,"column":37},"end":{"line":10,"column":50}}},"1":{"name":"(anonymous_2)","decl":{"start":{"line":13,"column":34},"end":{"line":13,"column":35}},"loc":{"start":{"line":13,"column":49},"end":{"line":13,"column":71}}}},"branchMap":{},"s":{"0":0,"1":0,"2":0,"3":0},"f":{"0":0,"1":0},"b":{}}
,"C:\\Users\\joshi\\OneDrive\\Documents\\code\\personal\\Adminis-construction\\src\\shared\\components\\Adminis\\Adminis.tsx": {"path":"C:\\Users\\joshi\\OneDrive\\Documents\\code\\personal\\Adminis-construction\\src\\shared\\components\\Adminis\\Adminis.tsx","statementMap":{"0":{"start":{"line":3,"column":0},"end":{"line":3,"column":64}},"1":{"start":{"line":5,"column":20},"end":{"line":13,"column":1}},"2":{"start":{"line":6,"column":23},"end":{"line":6,"column":51}},"3":{"start":{"line":8,"column":2},"end":{"line":12,"column":null}},"4":{"start":{"line":15,"column":0},"end":{"line":15,"column":null}}},"fnMap":{"0":{"name":"(anonymous_0)","decl":{"start":{"line":5,"column":20},"end":{"line":5,"column":23}},"loc":{"start":{"line":5,"column":25},"end":{"line":13,"column":1}}}},"branchMap":{},"s":{"0":1,"1":1,"2":4,"3":4,"4":1},"f":{"0":4},"b":{}}
,"C:\\Users\\joshi\\OneDrive\\Documents\\code\\personal\\Adminis-construction\\src\\shared\\components\\Adminis\\index.ts": {"path":"C:\\Users\\joshi\\OneDrive\\Documents\\code\\personal\\Adminis-construction\\src\\shared\\components\\Adminis\\index.ts","statementMap":{"0":{"start":{"line":1,"column":0},"end":{"line":1,"column":31}},"1":{"start":{"line":3,"column":0},"end":{"line":3,"column":null}}},"fnMap":{},"branchMap":{},"s":{"0":0,"1":0},"f":{},"b":{}}
,"C:\\Users\\joshi\\OneDrive\\Documents\\code\\personal\\Adminis-construction\\src\\shared\\components\\CustomLink\\CustomLink.tsx": {"path":"C:\\Users\\joshi\\OneDrive\\Documents\\code\\personal\\Adminis-construction\\src\\shared\\components\\CustomLink\\CustomLink.tsx","statementMap":{"0":{"start":{"line":3,"column":0},"end":{"line":3,"column":65}},"1":{"start":{"line":10,"column":60},"end":{"line":25,"column":null}},"2":{"start":{"line":17,"column":2},"end":{"line":24,"column":null}},"3":{"start":{"line":28,"column":0},"end":{"line":28,"column":null}}},"fnMap":{"0":{"name":"(anonymous_0)","decl":{"start":{"line":10,"column":60},"end":{"line":10,"column":61}},"loc":{"start":{"line":17,"column":2},"end":{"line":24,"column":null}}}},"branchMap":{},"s":{"0":0,"1":0,"2":0,"3":0},"f":{"0":0},"b":{}}
,"C:\\Users\\joshi\\OneDrive\\Documents\\code\\personal\\Adminis-construction\\src\\shared\\components\\CustomLink\\index.ts": {"path":"C:\\Users\\joshi\\OneDrive\\Documents\\code\\personal\\Adminis-construction\\src\\shared\\components\\CustomLink\\index.ts","statementMap":{"0":{"start":{"line":1,"column":0},"end":{"line":1,"column":37}},"1":{"start":{"line":3,"column":0},"end":{"line":3,"column":null}}},"fnMap":{},"branchMap":{},"s":{"0":0,"1":0},"f":{},"b":{}}
,"C:\\Users\\joshi\\OneDrive\\Documents\\code\\personal\\Adminis-construction\\src\\shared\\components\\CustomLink\\styledComponents.tsx": {"path":"C:\\Users\\joshi\\OneDrive\\Documents\\code\\personal\\Adminis-construction\\src\\shared\\components\\CustomLink\\styledComponents.tsx","statementMap":{"0":{"start":{"line":1,"column":0},"end":{"line":1,"column":39}},"1":{"start":{"line":3,"column":0},"end":{"line":3,"column":38}},"2":{"start":{"line":10,"column":13},"end":{"line":32,"column":null}},"3":{"start":{"line":15,"column":30},"end":{"line":15,"column":66}},"4":{"start":{"line":16,"column":37},"end":{"line":16,"column":74}},"5":{"start":{"line":27,"column":33},"end":{"line":27,"column":69}}},"fnMap":{"0":{"name":"(anonymous_1)","decl":{"start":{"line":15,"column":8},"end":{"line":15,"column":9}},"loc":{"start":{"line":15,"column":30},"end":{"line":15,"column":66}}},"1":{"name":"(anonymous_2)","decl":{"start":{"line":16,"column":17},"end":{"line":16,"column":18}},"loc":{"start":{"line":16,"column":37},"end":{"line":16,"column":74}}},"2":{"name":"(anonymous_3)","decl":{"start":{"line":27,"column":11},"end":{"line":27,"column":12}},"loc":{"start":{"line":27,"column":33},"end":{"line":27,"column":69}}}},"branchMap":{"0":{"loc":{"start":{"line":15,"column":30},"end":{"line":15,"column":66}},"type":"cond-expr","locations":[{"start":{"line":15,"column":37},"end":{"line":15,"column":50}},{"start":{"line":15,"column":53},"end":{"line":15,"column":66}}]},"1":{"loc":{"start":{"line":16,"column":37},"end":{"line":16,"column":74}},"type":"cond-expr","locations":[{"start":{"line":16,"column":49},"end":{"line":16,"column":60}},{"start":{"line":16,"column":63},"end":{"line":16,"column":74}}]},"2":{"loc":{"start":{"line":27,"column":33},"end":{"line":27,"column":69}},"type":"cond-expr","locations":[{"start":{"line":27,"column":40},"end":{"line":27,"column":53}},{"start":{"line":27,"column":56},"end":{"line":27,"column":69}}]}},"s":{"0":0,"1":0,"2":0,"3":0,"4":0,"5":0},"f":{"0":0,"1":0,"2":0},"b":{"0":[0,0],"1":[0,0],"2":[0,0]}}
,"C:\\Users\\joshi\\OneDrive\\Documents\\code\\personal\\Adminis-construction\\src\\shared\\components\\Grid\\Grid.tsx": {"path":"C:\\Users\\joshi\\OneDrive\\Documents\\code\\personal\\Adminis-construction\\src\\shared\\components\\Grid\\Grid.tsx","statementMap":{"0":{"start":{"line":3,"column":0},"end":{"line":3,"column":45}},"1":{"start":{"line":9,"column":48},"end":{"line":13,"column":1}},"2":{"start":{"line":10,"column":2},"end":{"line":12,"column":null}},"3":{"start":{"line":15,"column":0},"end":{"line":15,"column":null}}},"fnMap":{"0":{"name":"(anonymous_0)","decl":{"start":{"line":9,"column":48},"end":{"line":9,"column":49}},"loc":{"start":{"line":9,"column":73},"end":{"line":13,"column":1}}}},"branchMap":{},"s":{"0":0,"1":0,"2":0,"3":0},"f":{"0":0},"b":{}}
,"C:\\Users\\joshi\\OneDrive\\Documents\\code\\personal\\Adminis-construction\\src\\shared\\components\\Grid\\index.tsx": {"path":"C:\\Users\\joshi\\OneDrive\\Documents\\code\\personal\\Adminis-construction\\src\\shared\\components\\Grid\\index.tsx","statementMap":{"0":{"start":{"line":1,"column":0},"end":{"line":1,"column":25}},"1":{"start":{"line":3,"column":0},"end":{"line":3,"column":null}}},"fnMap":{},"branchMap":{},"s":{"0":0,"1":0},"f":{},"b":{}}
,"C:\\Users\\joshi\\OneDrive\\Documents\\code\\personal\\Adminis-construction\\src\\shared\\components\\Grid\\styledComponents.tsx": {"path":"C:\\Users\\joshi\\OneDrive\\Documents\\code\\personal\\Adminis-construction\\src\\shared\\components\\Grid\\styledComponents.tsx","statementMap":{"0":{"start":{"line":1,"column":0},"end":{"line":1,"column":38}},"1":{"start":{"line":3,"column":13},"end":{"line":21,"column":null}},"2":{"start":{"line":8,"column":37},"end":{"line":8,"column":50}},"3":{"start":{"line":9,"column":48},"end":{"line":9,"column":77}},"4":{"start":{"line":10,"column":45},"end":{"line":10,"column":74}},"5":{"start":{"line":13,"column":49},"end":{"line":13,"column":71}}},"fnMap":{"0":{"name":"(anonymous_1)","decl":{"start":{"line":8,"column":22},"end":{"line":8,"column":23}},"loc":{"start":{"line":8,"column":37},"end":{"line":8,"column":50}}},"1":{"name":"(anonymous_2)","decl":{"start":{"line":9,"column":27},"end":{"line":9,"column":28}},"loc":{"start":{"line":9,"column":48},"end":{"line":9,"column":77}}},"2":{"name":"(anonymous_3)","decl":{"start":{"line":10,"column":24},"end":{"line":10,"column":25}},"loc":{"start":{"line":10,"column":45},"end":{"line":10,"column":74}}},"3":{"name":"(anonymous_4)","decl":{"start":{"line":13,"column":34},"end":{"line":13,"column":35}},"loc":{"start":{"line":13,"column":49},"end":{"line":13,"column":71}}}},"branchMap":{},"s":{"0":0,"1":0,"2":0,"3":0,"4":0,"5":0},"f":{"0":0,"1":0,"2":0,"3":0},"b":{}}
,"C:\\Users\\joshi\\OneDrive\\Documents\\code\\personal\\Adminis-construction\\src\\shared\\components\\GridPanel\\GridPanel.tsx": {"path":"C:\\Users\\joshi\\OneDrive\\Documents\\code\\personal\\Adminis-construction\\src\\shared\\components\\GridPanel\\GridPanel.tsx","statementMap":{"0":{"start":{"line":1,"column":0},"end":{"line":1,"column":51}},"1":{"start":{"line":3,"column":0},"end":{"line":3,"column":49}},"2":{"start":{"line":5,"column":41},"end":{"line":6,"column":null}},"3":{"start":{"line":6,"column":2},"end":{"line":6,"column":41}},"4":{"start":{"line":9,"column":26},"end":{"line":9,"column":41}},"5":{"start":{"line":11,"column":0},"end":{"line":11,"column":null}}},"fnMap":{"0":{"name":"(anonymous_0)","decl":{"start":{"line":5,"column":41},"end":{"line":5,"column":42}},"loc":{"start":{"line":6,"column":2},"end":{"line":6,"column":41}}}},"branchMap":{},"s":{"0":0,"1":0,"2":0,"3":0,"4":0,"5":0},"f":{"0":0},"b":{}}
,"C:\\Users\\joshi\\OneDrive\\Documents\\code\\personal\\Adminis-construction\\src\\shared\\components\\GridPanel\\index.ts": {"path":"C:\\Users\\joshi\\OneDrive\\Documents\\code\\personal\\Adminis-construction\\src\\shared\\components\\GridPanel\\index.ts","statementMap":{"0":{"start":{"line":1,"column":0},"end":{"line":1,"column":35}},"1":{"start":{"line":3,"column":0},"end":{"line":3,"column":null}}},"fnMap":{},"branchMap":{},"s":{"0":0,"1":0},"f":{},"b":{}}
,"C:\\Users\\joshi\\OneDrive\\Documents\\code\\personal\\Adminis-construction\\src\\shared\\components\\GridPanel\\styledComponents.tsx": {"path":"C:\\Users\\joshi\\OneDrive\\Documents\\code\\personal\\Adminis-construction\\src\\shared\\components\\GridPanel\\styledComponents.tsx","statementMap":{"0":{"start":{"line":1,"column":0},"end":{"line":1,"column":38}},"1":{"start":{"line":3,"column":13},"end":{"line":46,"column":null}},"2":{"start":{"line":8,"column":37},"end":{"line":8,"column":50}},"3":{"start":{"line":9,"column":26},"end":{"line":9,"column":39}},"4":{"start":{"line":24,"column":54},"end":{"line":24,"column":67}},"5":{"start":{"line":25,"column":39},"end":{"line":25,"column":52}},"6":{"start":{"line":29,"column":49},"end":{"line":29,"column":71}}},"fnMap":{"0":{"name":"(anonymous_1)","decl":{"start":{"line":8,"column":22},"end":{"line":8,"column":23}},"loc":{"start":{"line":8,"column":37},"end":{"line":8,"column":50}}},"1":{"name":"(anonymous_2)","decl":{"start":{"line":9,"column":11},"end":{"line":9,"column":12}},"loc":{"start":{"line":9,"column":26},"end":{"line":9,"column":39}}},"2":{"name":"(anonymous_3)","decl":{"start":{"line":24,"column":39},"end":{"line":24,"column":40}},"loc":{"start":{"line":24,"column":54},"end":{"line":24,"column":67}}},"3":{"name":"(anonymous_4)","decl":{"start":{"line":25,"column":24},"end":{"line":25,"column":25}},"loc":{"start":{"line":25,"column":39},"end":{"line":25,"column":52}}},"4":{"name":"(anonymous_5)","decl":{"start":{"line":29,"column":34},"end":{"line":29,"column":35}},"loc":{"start":{"line":29,"column":49},"end":{"line":29,"column":71}}}},"branchMap":{},"s":{"0":0,"1":0,"2":0,"3":0,"4":0,"5":0,"6":0},"f":{"0":0,"1":0,"2":0,"3":0,"4":0},"b":{}}
,"C:\\Users\\joshi\\OneDrive\\Documents\\code\\personal\\Adminis-construction\\src\\shared\\components\\IconRenderer\\IconRenderer.tsx": {"path":"C:\\Users\\joshi\\OneDrive\\Documents\\code\\personal\\Adminis-construction\\src\\shared\\components\\IconRenderer\\IconRenderer.tsx","statementMap":{"0":{"start":{"line":3,"column":0},"end":{"line":3,"column":71}},"1":{"start":{"line":4,"column":0},"end":{"line":4,"column":69}},"2":{"start":{"line":5,"column":0},"end":{"line":5,"column":56}},"3":{"start":{"line":6,"column":0},"end":{"line":6,"column":66}},"4":{"start":{"line":8,"column":0},"end":{"line":8,"column":34}},"5":{"start":{"line":9,"column":0},"end":{"line":9,"column":47}},"6":{"start":{"line":11,"column":25},"end":{"line":31,"column":1}},"7":{"start":{"line":12,"column":19},"end":{"line":12,"column":35}},"8":{"start":{"line":14,"column":21},"end":{"line":14,"column":47}},"9":{"start":{"line":16,"column":28},"end":{"line":22,"column":3}},"10":{"start":{"line":17,"column":4},"end":{"line":21,"column":5}},"11":{"start":{"line":18,"column":6},"end":{"line":18,"column":null}},"12":{"start":{"line":20,"column":6},"end":{"line":20,"column":null}},"13":{"start":{"line":24,"column":22},"end":{"line":24,"column":38}},"14":{"start":{"line":26,"column":2},"end":{"line":30,"column":null}},"15":{"start":{"line":33,"column":0},"end":{"line":33,"column":null}}},"fnMap":{"0":{"name":"(anonymous_0)","decl":{"start":{"line":11,"column":25},"end":{"line":11,"column":28}},"loc":{"start":{"line":11,"column":30},"end":{"line":31,"column":1}}},"1":{"name":"(anonymous_1)","decl":{"start":{"line":16,"column":28},"end":{"line":16,"column":31}},"loc":{"start":{"line":16,"column":33},"end":{"line":22,"column":3}}}},"branchMap":{"0":{"loc":{"start":{"line":17,"column":4},"end":{"line":21,"column":5}},"type":"if","locations":[{"start":{"line":17,"column":4},"end":{"line":21,"column":5}},{"start":{"line":19,"column":11},"end":{"line":21,"column":5}}]}},"s":{"0":0,"1":0,"2":0,"3":0,"4":0,"5":0,"6":0,"7":0,"8":0,"9":0,"10":0,"11":0,"12":0,"13":0,"14":0,"15":0},"f":{"0":0,"1":0},"b":{"0":[0,0]}}
,"C:\\Users\\joshi\\OneDrive\\Documents\\code\\personal\\Adminis-construction\\src\\shared\\components\\IconRenderer\\index.ts": {"path":"C:\\Users\\joshi\\OneDrive\\Documents\\code\\personal\\Adminis-construction\\src\\shared\\components\\IconRenderer\\index.ts","statementMap":{"0":{"start":{"line":1,"column":0},"end":{"line":1,"column":41}},"1":{"start":{"line":3,"column":0},"end":{"line":3,"column":null}}},"fnMap":{},"branchMap":{},"s":{"0":0,"1":0},"f":{},"b":{}}
,"C:\\Users\\joshi\\OneDrive\\Documents\\code\\personal\\Adminis-construction\\src\\shared\\components\\IconRenderer\\lib.ts": {"path":"C:\\Users\\joshi\\OneDrive\\Documents\\code\\personal\\Adminis-construction\\src\\shared\\components\\IconRenderer\\lib.ts","statementMap":{"0":{"start":{"line":1,"column":0},"end":{"line":1,"column":48}},"1":{"start":{"line":2,"column":0},"end":{"line":2,"column":46}},"2":{"start":{"line":4,"column":13},"end":{"line":7,"column":null}}},"fnMap":{},"branchMap":{},"s":{"0":0,"1":0,"2":0},"f":{},"b":{}}
,"C:\\Users\\joshi\\OneDrive\\Documents\\code\\personal\\Adminis-construction\\src\\shared\\components\\IconRenderer\\styledComponents.tsx": {"path":"C:\\Users\\joshi\\OneDrive\\Documents\\code\\personal\\Adminis-construction\\src\\shared\\components\\IconRenderer\\styledComponents.tsx","statementMap":{"0":{"start":{"line":1,"column":0},"end":{"line":1,"column":38}},"1":{"start":{"line":3,"column":13},"end":{"line":11,"column":null}}},"fnMap":{},"branchMap":{},"s":{"0":0,"1":0},"f":{},"b":{}}
,"C:\\Users\\joshi\\OneDrive\\Documents\\code\\personal\\Adminis-construction\\src\\shared\\components\\Navbar\\Navbar.tsx": {"path":"C:\\Users\\joshi\\OneDrive\\Documents\\code\\personal\\Adminis-construction\\src\\shared\\components\\Navbar\\Navbar.tsx","statementMap":{"0":{"start":{"line":3,"column":0},"end":{"line":3,"column":61}},"1":{"start":{"line":4,"column":0},"end":{"line":4,"column":57}},"2":{"start":{"line":5,"column":0},"end":{"line":5,"column":61}},"3":{"start":{"line":7,"column":0},"end":{"line":7,"column":40}},"4":{"start":{"line":8,"column":0},"end":{"line":8,"column":67}},"5":{"start":{"line":10,"column":19},"end":{"line":28,"column":1}},"6":{"start":{"line":11,"column":2},"end":{"line":27,"column":null}},"7":{"start":{"line":19,"column":10},"end":{"line":22,"column":null}},"8":{"start":{"line":30,"column":0},"end":{"line":30,"column":null}}},"fnMap":{"0":{"name":"(anonymous_1)","decl":{"start":{"line":10,"column":19},"end":{"line":10,"column":22}},"loc":{"start":{"line":10,"column":24},"end":{"line":28,"column":1}}},"1":{"name":"(anonymous_2)","decl":{"start":{"line":18,"column":30},"end":{"line":18,"column":31}},"loc":{"start":{"line":19,"column":10},"end":{"line":22,"column":null}}}},"branchMap":{},"s":{"0":0,"1":0,"2":0,"3":0,"4":0,"5":0,"6":0,"7":0,"8":0},"f":{"0":0,"1":0},"b":{}}
,"C:\\Users\\joshi\\OneDrive\\Documents\\code\\personal\\Adminis-construction\\src\\shared\\components\\Navbar\\index.tsx": {"path":"C:\\Users\\joshi\\OneDrive\\Documents\\code\\personal\\Adminis-construction\\src\\shared\\components\\Navbar\\index.tsx","statementMap":{"0":{"start":{"line":1,"column":0},"end":{"line":1,"column":29}},"1":{"start":{"line":3,"column":0},"end":{"line":3,"column":null}}},"fnMap":{},"branchMap":{},"s":{"0":0,"1":0},"f":{},"b":{}}
,"C:\\Users\\joshi\\OneDrive\\Documents\\code\\personal\\Adminis-construction\\src\\shared\\components\\Navbar\\lib.ts": {"path":"C:\\Users\\joshi\\OneDrive\\Documents\\code\\personal\\Adminis-construction\\src\\shared\\components\\Navbar\\lib.ts","statementMap":{"0":{"start":{"line":7,"column":13},"end":{"line":16,"column":null}}},"fnMap":{},"branchMap":{},"s":{"0":0},"f":{},"b":{}}
,"C:\\Users\\joshi\\OneDrive\\Documents\\code\\personal\\Adminis-construction\\src\\shared\\components\\Navbar\\styledComponents.tsx": {"path":"C:\\Users\\joshi\\OneDrive\\Documents\\code\\personal\\Adminis-construction\\src\\shared\\components\\Navbar\\styledComponents.tsx","statementMap":{"0":{"start":{"line":1,"column":0},"end":{"line":1,"column":38}},"1":{"start":{"line":3,"column":13},"end":{"line":12,"column":null}},"2":{"start":{"line":9,"column":37},"end":{"line":9,"column":46}},"3":{"start":{"line":13,"column":13},"end":{"line":17,"column":null}}},"fnMap":{"0":{"name":"(anonymous_1)","decl":{"start":{"line":9,"column":22},"end":{"line":9,"column":23}},"loc":{"start":{"line":9,"column":37},"end":{"line":9,"column":46}}}},"branchMap":{},"s":{"0":0,"1":0,"2":0,"3":0},"f":{"0":0},"b":{}}
,"C:\\Users\\joshi\\OneDrive\\Documents\\code\\personal\\Adminis-construction\\src\\shared\\components\\NavbarOption\\NavbarOption.tsx": {"path":"C:\\Users\\joshi\\OneDrive\\Documents\\code\\personal\\Adminis-construction\\src\\shared\\components\\NavbarOption\\NavbarOption.tsx","statementMap":{"0":{"start":{"line":1,"column":0},"end":{"line":1,"column":32}},"1":{"start":{"line":2,"column":0},"end":{"line":2,"column":46}},"2":{"start":{"line":4,"column":0},"end":{"line":4,"column":57}},"3":{"start":{"line":6,"column":0},"end":{"line":6,"column":58}},"4":{"start":{"line":14,"column":45},"end":{"line":29,"column":1}},"5":{"start":{"line":15,"column":23},"end":{"line":15,"column":36}},"6":{"start":{"line":17,"column":2},"end":{"line":28,"column":null}},"7":{"start":{"line":31,"column":23},"end":{"line":31,"column":41}},"8":{"start":{"line":33,"column":0},"end":{"line":33,"column":null}}},"fnMap":{"0":{"name":"(anonymous_1)","decl":{"start":{"line":14,"column":45},"end":{"line":14,"column":46}},"loc":{"start":{"line":14,"column":77},"end":{"line":29,"column":1}}}},"branchMap":{},"s":{"0":0,"1":0,"2":0,"3":0,"4":0,"5":0,"6":0,"7":0,"8":0},"f":{"0":0},"b":{}}
,"C:\\Users\\joshi\\OneDrive\\Documents\\code\\personal\\Adminis-construction\\src\\shared\\components\\NavbarOption\\index.ts": {"path":"C:\\Users\\joshi\\OneDrive\\Documents\\code\\personal\\Adminis-construction\\src\\shared\\components\\NavbarOption\\index.ts","statementMap":{"0":{"start":{"line":1,"column":0},"end":{"line":1,"column":41}},"1":{"start":{"line":3,"column":0},"end":{"line":3,"column":null}}},"fnMap":{},"branchMap":{},"s":{"0":0,"1":0},"f":{},"b":{}}
,"C:\\Users\\joshi\\OneDrive\\Documents\\code\\personal\\Adminis-construction\\src\\shared\\components\\NavbarOption\\styledComponents.tsx": {"path":"C:\\Users\\joshi\\OneDrive\\Documents\\code\\personal\\Adminis-construction\\src\\shared\\components\\NavbarOption\\styledComponents.tsx","statementMap":{"0":{"start":{"line":1,"column":0},"end":{"line":1,"column":38}},"1":{"start":{"line":3,"column":13},"end":{"line":5,"column":null}}},"fnMap":{},"branchMap":{},"s":{"0":0,"1":0},"f":{},"b":{}}
,"C:\\Users\\joshi\\OneDrive\\Documents\\code\\personal\\Adminis-construction\\src\\shared\\components\\PanelDescription\\PanelDescription.tsx": {"path":"C:\\Users\\joshi\\OneDrive\\Documents\\code\\personal\\Adminis-construction\\src\\shared\\components\\PanelDescription\\PanelDescription.tsx","statementMap":{"0":{"start":{"line":3,"column":0},"end":{"line":3,"column":55}},"1":{"start":{"line":5,"column":48},"end":{"line":8,"column":null}},"2":{"start":{"line":6,"column":2},"end":{"line":7,"column":null}},"3":{"start":{"line":11,"column":0},"end":{"line":11,"column":null}}},"fnMap":{"0":{"name":"(anonymous_0)","decl":{"start":{"line":5,"column":48},"end":{"line":5,"column":49}},"loc":{"start":{"line":6,"column":2},"end":{"line":7,"column":null}}}},"branchMap":{},"s":{"0":1,"1":1,"2":2,"3":1},"f":{"0":2},"b":{}}
,"C:\\Users\\joshi\\OneDrive\\Documents\\code\\personal\\Adminis-construction\\src\\shared\\components\\PanelDescription\\index.ts": {"path":"C:\\Users\\joshi\\OneDrive\\Documents\\code\\personal\\Adminis-construction\\src\\shared\\components\\PanelDescription\\index.ts","statementMap":{"0":{"start":{"line":1,"column":0},"end":{"line":1,"column":49}},"1":{"start":{"line":3,"column":0},"end":{"line":3,"column":null}}},"fnMap":{},"branchMap":{},"s":{"0":0,"1":0},"f":{},"b":{}}
,"C:\\Users\\joshi\\OneDrive\\Documents\\code\\personal\\Adminis-construction\\src\\shared\\components\\PanelDescription\\styledComponents.tsx": {"path":"C:\\Users\\joshi\\OneDrive\\Documents\\code\\personal\\Adminis-construction\\src\\shared\\components\\PanelDescription\\styledComponents.tsx","statementMap":{"0":{"start":{"line":1,"column":0},"end":{"line":1,"column":38}},"1":{"start":{"line":3,"column":13},"end":{"line":7,"column":null}},"2":{"start":{"line":5,"column":26},"end":{"line":5,"column":41}}},"fnMap":{"0":{"name":"(anonymous_1)","decl":{"start":{"line":5,"column":11},"end":{"line":5,"column":12}},"loc":{"start":{"line":5,"column":26},"end":{"line":5,"column":41}}}},"branchMap":{},"s":{"0":1,"1":1,"2":2},"f":{"0":2},"b":{}}
,"C:\\Users\\joshi\\OneDrive\\Documents\\code\\personal\\Adminis-construction\\src\\shared\\hooks\\stringHooks.ts": {"path":"C:\\Users\\joshi\\OneDrive\\Documents\\code\\personal\\Adminis-construction\\src\\shared\\hooks\\stringHooks.ts","statementMap":{"0":{"start":{"line":1,"column":0},"end":{"line":1,"column":43}},"1":{"start":{"line":3,"column":0},"end":{"line":3,"column":62}},"2":{"start":{"line":5,"column":33},"end":{"line":52,"column":1}},"3":{"start":{"line":6,"column":26},"end":{"line":6,"column":46}},"4":{"start":{"line":7,"column":28},"end":{"line":7,"column":52}},"5":{"start":{"line":9,"column":2},"end":{"line":49,"column":null}},"6":{"start":{"line":10,"column":47},"end":{"line":10,"column":56}},"7":{"start":{"line":11,"column":4},"end":{"line":44,"column":5}},"8":{"start":{"line":12,"column":26},"end":{"line":12,"column":27}},"9":{"start":{"line":13,"column":32},"end":{"line":13,"column":33}},"10":{"start":{"line":14,"column":31},"end":{"line":14,"column":36}},"11":{"start":{"line":15,"column":6},"end":{"line":43,"column":null}},"12":{"start":{"line":16,"column":30},"end":{"line":16,"column":32}},"13":{"start":{"line":17,"column":8},"end":{"line":23,"column":9}},"14":{"start":{"line":17,"column":21},"end":{"line":17,"column":22}},"15":{"start":{"line":18,"column":10},"end":{"line":22,"column":11}},"16":{"start":{"line":19,"column":12},"end":{"line":19,"column":null}},"17":{"start":{"line":21,"column":12},"end":{"line":21,"column":null}},"18":{"start":{"line":24,"column":8},"end":{"line":24,"column":null}},"19":{"start":{"line":25,"column":8},"end":{"line":27,"column":9}},"20":{"start":{"line":26,"column":10},"end":{"line":26,"column":null}},"21":{"start":{"line":28,"column":8},"end":{"line":35,"column":9}},"22":{"start":{"line":34,"column":10},"end":{"line":34,"column":null}},"23":{"start":{"line":36,"column":8},"end":{"line":36,"column":null}},"24":{"start":{"line":37,"column":8},"end":{"line":42,"column":9}},"25":{"start":{"line":38,"column":10},"end":{"line":38,"column":null}},"26":{"start":{"line":39,"column":10},"end":{"line":39,"column":null}},"27":{"start":{"line":40,"column":10},"end":{"line":40,"column":null}},"28":{"start":{"line":41,"column":10},"end":{"line":41,"column":null}},"29":{"start":{"line":45,"column":4},"end":{"line":47,"column":5}},"30":{"start":{"line":46,"column":6},"end":{"line":46,"column":null}},"31":{"start":{"line":48,"column":4},"end":{"line":48,"column":null}},"32":{"start":{"line":48,"column":17},"end":{"line":48,"column":40}},"33":{"start":{"line":51,"column":2},"end":{"line":51,"column":null}},"34":{"start":{"line":5,"column":13},"end":{"line":5,"column":33}}},"fnMap":{"0":{"name":"(anonymous_0)","decl":{"start":{"line":5,"column":33},"end":{"line":5,"column":34}},"loc":{"start":{"line":5,"column":65},"end":{"line":52,"column":1}}},"1":{"name":"(anonymous_1)","decl":{"start":{"line":9,"column":12},"end":{"line":9,"column":15}},"loc":{"start":{"line":9,"column":17},"end":{"line":49,"column":3}}},"2":{"name":"(anonymous_2)","decl":{"start":{"line":15,"column":29},"end":{"line":15,"column":32}},"loc":{"start":{"line":15,"column":34},"end":{"line":43,"column":7}}},"3":{"name":"(anonymous_3)","decl":{"start":{"line":48,"column":11},"end":{"line":48,"column":14}},"loc":{"start":{"line":48,"column":17},"end":{"line":48,"column":40}}}},"branchMap":{"0":{"loc":{"start":{"line":11,"column":4},"end":{"line":44,"column":5}},"type":"if","locations":[{"start":{"line":11,"column":4},"end":{"line":44,"column":5}}]},"1":{"loc":{"start":{"line":18,"column":10},"end":{"line":22,"column":11}},"type":"if","locations":[{"start":{"line":18,"column":10},"end":{"line":22,"column":11}},{"start":{"line":20,"column":17},"end":{"line":22,"column":11}}]},"2":{"loc":{"start":{"line":18,"column":14},"end":{"line":18,"column":37}},"type":"binary-expr","locations":[{"start":{"line":18,"column":14},"end":{"line":18,"column":24}},{"start":{"line":18,"column":28},"end":{"line":18,"column":37}}]},"3":{"loc":{"start":{"line":25,"column":8},"end":{"line":27,"column":9}},"type":"if","locations":[{"start":{"line":25,"column":8},"end":{"line":27,"column":9}}]},"4":{"loc":{"start":{"line":28,"column":8},"end":{"line":35,"column":9}},"type":"if","locations":[{"start":{"line":28,"column":8},"end":{"line":35,"column":9}}]},"5":{"loc":{"start":{"line":32,"column":13},"end":{"line":32,"column":61}},"type":"cond-expr","locations":[{"start":{"line":32,"column":39},"end":{"line":32,"column":57}},{"start":{"line":32,"column":60},"end":{"line":32,"column":61}}]},"6":{"loc":{"start":{"line":37,"column":8},"end":{"line":42,"column":9}},"type":"if","locations":[{"start":{"line":37,"column":8},"end":{"line":42,"column":9}}]},"7":{"loc":{"start":{"line":45,"column":4},"end":{"line":47,"column":5}},"type":"if","locations":[{"start":{"line":45,"column":4},"end":{"line":47,"column":5}}]},"8":{"loc":{"start":{"line":45,"column":8},"end":{"line":45,"column":38}},"type":"binary-expr","locations":[{"start":{"line":45,"column":8},"end":{"line":45,"column":28}},{"start":{"line":45,"column":32},"end":{"line":45,"column":38}}]}},"s":{"0":1,"1":1,"2":1,"3":4,"4":4,"5":4,"6":3,"7":3,"8":1,"9":1,"10":1,"11":1,"12":51,"13":51,"14":51,"15":357,"16":84,"17":273,"18":51,"19":51,"20":21,"21":51,"22":24,"23":51,"24":51,"25":3,"26":3,"27":3,"28":3,"29":3,"30":1,"31":3,"32":3,"33":4,"34":1},"f":{"0":4,"1":3,"2":51,"3":3},"b":{"0":[1],"1":[84,273],"2":[357,114],"3":[21],"4":[24],"5":[0,51],"6":[3],"7":[1],"8":[3,2]}}
,"C:\\Users\\joshi\\OneDrive\\Documents\\code\\personal\\Adminis-construction\\src\\shared\\redux\\store.ts": {"path":"C:\\Users\\joshi\\OneDrive\\Documents\\code\\personal\\Adminis-construction\\src\\shared\\redux\\store.ts","statementMap":{"0":{"start":{"line":1,"column":0},"end":{"line":1,"column":49}},"1":{"start":{"line":2,"column":0},"end":{"line":2,"column":null}},"2":{"start":{"line":12,"column":0},"end":{"line":12,"column":39}},"3":{"start":{"line":13,"column":0},"end":{"line":13,"column":47}},"4":{"start":{"line":14,"column":0},"end":{"line":14,"column":76}},"5":{"start":{"line":15,"column":0},"end":{"line":15,"column":51}},"6":{"start":{"line":16,"column":0},"end":{"line":16,"column":40}},"7":{"start":{"line":18,"column":0},"end":{"line":18,"column":66}},"8":{"start":{"line":19,"column":0},"end":{"line":19,"column":66}},"9":{"start":{"line":21,"column":0},"end":{"line":21,"column":43}},"10":{"start":{"line":23,"column":14},"end":{"line":23,"column":36}},"11":{"start":{"line":25,"column":22},"end":{"line":28,"column":null}},"12":{"start":{"line":30,"column":17},"end":{"line":33,"column":2}},"13":{"start":{"line":35,"column":25},"end":{"line":35,"column":64}},"14":{"start":{"line":37,"column":20},"end":{"line":37,"column":27}},"15":{"start":{"line":39,"column":14},"end":{"line":49,"column":2}},"16":{"start":{"line":41,"column":40},"end":{"line":48,"column":null}},"17":{"start":{"line":55,"column":13},"end":{"line":55,"column":null}},"18":{"start":{"line":56,"column":13},"end":{"line":56,"column":null}},"19":{"start":{"line":59,"column":2},"end":{"line":59,"column":null}},"20":{"start":{"line":62,"column":0},"end":{"line":62,"column":null}},"21":{"start":{"line":64,"column":13},"end":{"line":64,"column":null}},"22":{"start":{"line":66,"column":0},"end":{"line":66,"column":null}}},"fnMap":{"0":{"name":"(anonymous_1)","decl":{"start":{"line":41,"column":14},"end":{"line":41,"column":15}},"loc":{"start":{"line":41,"column":40},"end":{"line":48,"column":null}}},"1":{"name":"rootSaga","decl":{"start":{"line":58,"column":10},"end":{"line":58,"column":18}},"loc":{"start":{"line":58,"column":18},"end":{"line":60,"column":1}}}},"branchMap":{},"s":{"0":0,"1":0,"2":0,"3":0,"4":0,"5":0,"6":0,"7":0,"8":0,"9":0,"10":0,"11":0,"12":0,"13":0,"14":0,"15":0,"16":0,"17":0,"18":0,"19":0,"20":0,"21":0,"22":0},"f":{"0":0,"1":0},"b":{}}
,"C:\\Users\\joshi\\OneDrive\\Documents\\code\\personal\\Adminis-construction\\src\\shared\\redux\\settingsSlice\\index.ts": {"path":"C:\\Users\\joshi\\OneDrive\\Documents\\code\\personal\\Adminis-construction\\src\\shared\\redux\\settingsSlice\\index.ts","statementMap":{"0":{"start":{"line":1,"column":0},"end":{"line":1,"column":61}},"1":{"start":{"line":3,"column":0},"end":{"line":3,"column":61}},"2":{"start":{"line":6,"column":22},"end":{"line":17,"column":2}},"3":{"start":{"line":11,"column":6},"end":{"line":11,"column":null}},"4":{"start":{"line":14,"column":6},"end":{"line":14,"column":null}},"5":{"start":{"line":19,"column":13},"end":{"line":19,"column":40}},"6":{"start":{"line":21,"column":0},"end":{"line":21,"column":null}}},"fnMap":{"0":{"name":"(anonymous_1)","decl":{"start":{"line":10,"column":13},"end":{"line":10,"column":14}},"loc":{"start":{"line":10,"column":57},"end":{"line":12,"column":5}}},"1":{"name":"(anonymous_2)","decl":{"start":{"line":13,"column":17},"end":{"line":13,"column":18}},"loc":{"start":{"line":13,"column":65},"end":{"line":15,"column":5}}}},"branchMap":{},"s":{"0":0,"1":0,"2":0,"3":0,"4":0,"5":0,"6":0},"f":{"0":0,"1":0},"b":{}}
,"C:\\Users\\joshi\\OneDrive\\Documents\\code\\personal\\Adminis-construction\\src\\shared\\redux\\settingsSlice\\initialState.ts": {"path":"C:\\Users\\joshi\\OneDrive\\Documents\\code\\personal\\Adminis-construction\\src\\shared\\redux\\settingsSlice\\initialState.ts","statementMap":{"0":{"start":{"line":1,"column":0},"end":{"line":1,"column":null}},"1":{"start":{"line":2,"column":2},"end":{"line":2,"column":null}},"2":{"start":{"line":3,"column":2},"end":{"line":3,"column":null}},"3":{"start":{"line":6,"column":0},"end":{"line":6,"column":null}},"4":{"start":{"line":7,"column":2},"end":{"line":7,"column":null}},"5":{"start":{"line":8,"column":2},"end":{"line":8,"column":null}},"6":{"start":{"line":16,"column":44},"end":{"line":19,"column":null}},"7":{"start":{"line":21,"column":0},"end":{"line":21,"column":null}}},"fnMap":{"0":{"name":"(anonymous_0)","decl":{"start":{"line":1,"column":0},"end":{"line":1,"column":12}},"loc":{"start":{"line":1,"column":16},"end":{"line":4,"column":1}}},"1":{"name":"(anonymous_1)","decl":{"start":{"line":6,"column":0},"end":{"line":6,"column":12}},"loc":{"start":{"line":6,"column":20},"end":{"line":9,"column":1}}}},"branchMap":{"0":{"loc":{"start":{"line":1,"column":12},"end":{"line":1,"column":null}},"type":"binary-expr","locations":[{"start":{"line":1,"column":12},"end":{"line":1,"column":16}},{"start":{"line":1,"column":16},"end":{"line":1,"column":null}}]},"1":{"loc":{"start":{"line":6,"column":12},"end":{"line":6,"column":null}},"type":"binary-expr","locations":[{"start":{"line":6,"column":12},"end":{"line":6,"column":20}},{"start":{"line":6,"column":20},"end":{"line":6,"column":null}}]}},"s":{"0":0,"1":0,"2":0,"3":0,"4":0,"5":0,"6":0,"7":0},"f":{"0":0,"1":0},"b":{"0":[0,0],"1":[0,0]}}
,"C:\\Users\\joshi\\OneDrive\\Documents\\code\\personal\\Adminis-construction\\src\\shared\\redux\\settingsSlice\\selectors.ts": {"path":"C:\\Users\\joshi\\OneDrive\\Documents\\code\\personal\\Adminis-construction\\src\\shared\\redux\\settingsSlice\\selectors.ts","statementMap":{"0":{"start":{"line":1,"column":0},"end":{"line":1,"column":49}},"1":{"start":{"line":5,"column":35},"end":{"line":5,"column":71}},"2":{"start":{"line":5,"column":57},"end":{"line":5,"column":71}},"3":{"start":{"line":7,"column":13},"end":{"line":10,"column":null}},"4":{"start":{"line":9,"column":13},"end":{"line":9,"column":23}},"5":{"start":{"line":12,"column":13},"end":{"line":15,"column":null}},"6":{"start":{"line":14,"column":13},"end":{"line":14,"column":27}}},"fnMap":{"0":{"name":"(anonymous_0)","decl":{"start":{"line":5,"column":35},"end":{"line":5,"column":36}},"loc":{"start":{"line":5,"column":57},"end":{"line":5,"column":71}}},"1":{"name":"(anonymous_1)","decl":{"start":{"line":9,"column":2},"end":{"line":9,"column":3}},"loc":{"start":{"line":9,"column":13},"end":{"line":9,"column":23}}},"2":{"name":"(anonymous_2)","decl":{"start":{"line":14,"column":2},"end":{"line":14,"column":3}},"loc":{"start":{"line":14,"column":13},"end":{"line":14,"column":27}}}},"branchMap":{},"s":{"0":0,"1":0,"2":0,"3":0,"4":0,"5":0,"6":0},"f":{"0":0,"1":0,"2":0},"b":{}}
,"C:\\Users\\joshi\\OneDrive\\Documents\\code\\personal\\Adminis-construction\\src\\shared\\utils\\loadable.tsx": {"path":"C:\\Users\\joshi\\OneDrive\\Documents\\code\\personal\\Adminis-construction\\src\\shared\\utils\\loadable.tsx","statementMap":{"0":{"start":{"line":1,"column":0},"end":{"line":1,"column":45}},"1":{"start":{"line":3,"column":17},"end":{"line":14,"column":1}},"2":{"start":{"line":7,"column":24},"end":{"line":7,"column":40}},"3":{"start":{"line":9,"column":2},"end":{"line":13,"column":null}},"4":{"start":{"line":10,"column":4},"end":{"line":11,"column":null}},"5":{"start":{"line":16,"column":0},"end":{"line":16,"column":null}}},"fnMap":{"0":{"name":"(anonymous_0)","decl":{"start":{"line":3,"column":17},"end":{"line":3,"column":null}},"loc":{"start":{"line":6,"column":45},"end":{"line":14,"column":1}}},"1":{"name":"(anonymous_1)","decl":{"start":{"line":9,"column":9},"end":{"line":9,"column":10}},"loc":{"start":{"line":10,"column":4},"end":{"line":11,"column":null}}}},"branchMap":{"0":{"loc":{"start":{"line":5,"column":2},"end":{"line":5,"column":42}},"type":"default-arg","locations":[{"start":{"line":5,"column":24},"end":{"line":5,"column":42}}]},"1":{"loc":{"start":{"line":5,"column":4},"end":{"line":5,"column":19}},"type":"default-arg","locations":[{"start":{"line":5,"column":15},"end":{"line":5,"column":19}}]}},"s":{"0":0,"1":0,"2":0,"3":0,"4":0,"5":0},"f":{"0":0,"1":0},"b":{"0":[0],"1":[0]}}
,"C:\\Users\\joshi\\OneDrive\\Documents\\code\\personal\\Adminis-construction\\src\\shared\\utils\\stringUtils.ts": {"path":"C:\\Users\\joshi\\OneDrive\\Documents\\code\\personal\\Adminis-construction\\src\\shared\\utils\\stringUtils.ts","statementMap":{"0":{"start":{"line":1,"column":13},"end":{"line":3,"column":1}},"1":{"start":{"line":2,"column":2},"end":{"line":2,"column":null}},"2":{"start":{"line":5,"column":31},"end":{"line":35,"column":1}},"3":{"start":{"line":6,"column":19},"end":{"line":33,"column":null}},"4":{"start":{"line":34,"column":2},"end":{"line":34,"column":null}},"5":{"start":{"line":5,"column":13},"end":{"line":5,"column":31}},"6":{"start":{"line":37,"column":29},"end":{"line":44,"column":1}},"7":{"start":{"line":38,"column":18},"end":{"line":38,"column":20}},"8":{"start":{"line":39,"column":2},"end":{"line":41,"column":3}},"9":{"start":{"line":39,"column":15},"end":{"line":39,"column":16}},"10":{"start":{"line":40,"column":4},"end":{"line":40,"column":null}},"11":{"start":{"line":43,"column":2},"end":{"line":43,"column":null}},"12":{"start":{"line":37,"column":13},"end":{"line":37,"column":29}}},"fnMap":{"0":{"name":"(anonymous_0)","decl":{"start":{"line":1,"column":13},"end":{"line":1,"column":14}},"loc":{"start":{"line":1,"column":50},"end":{"line":3,"column":1}}},"1":{"name":"(anonymous_1)","decl":{"start":{"line":5,"column":31},"end":{"line":5,"column":42}},"loc":{"start":{"line":5,"column":44},"end":{"line":35,"column":1}}},"2":{"name":"(anonymous_2)","decl":{"start":{"line":37,"column":29},"end":{"line":37,"column":30}},"loc":{"start":{"line":37,"column":54},"end":{"line":44,"column":1}}}},"branchMap":{"0":{"loc":{"start":{"line":40,"column":17},"end":{"line":40,"column":57}},"type":"cond-expr","locations":[{"start":{"line":40,"column":34},"end":{"line":40,"column":37}},{"start":{"line":40,"column":40},"end":{"line":40,"column":57}}]}},"s":{"0":1,"1":273,"2":1,"3":273,"4":273,"5":1,"6":1,"7":0,"8":0,"9":0,"10":0,"11":0,"12":1},"f":{"0":273,"1":273,"2":0},"b":{"0":[0,0]}}
}
